# JRE version: OpenJDK Runtime Environment (8.0_121-b13) (build 1.8.0_121-8u121-b13-4-b13)
# Java VM: OpenJDK 64-Bit Server VM (25.121-b13 mixed mode linux-amd64 compressed oops)
Heap:
 PSYoungGen      total 609280K, used 0K [0x00000000d6d80000, 0x0000000100000000, 0x0000000100000000)
  eden space 540672K, 0% used [0x00000000d6d80000,0x00000000d6d80000,0x00000000f7d80000)
  from space 68608K, 0% used [0x00000000fbd00000,0x00000000fbd00000,0x0000000100000000)
  to   space 65024K, 0% used [0x00000000f7d80000,0x00000000f7d80000,0x00000000fbd00000)
 ParOldGen       total 178176K, used 97844K [0x0000000084800000, 0x000000008f600000, 0x00000000d6d80000)
  object space 178176K, 54% used [0x0000000084800000,0x000000008a78d228,0x000000008f600000)
 Metaspace       used 38060K, capacity 39608K, committed 42752K, reserved 1087488K
  class space    used 4238K, capacity 4649K, committed 5120K, reserved 1048576K
GC Heap History (10 events):
Event: 31,439 GC heap after
Heap after GC invocations=14 (full 2):
 PSYoungGen      total 479744K, used 28435K [0x00000000d6d80000, 0x00000000f7f00000, 0x0000000100000000)
  eden space 441344K, 0% used [0x00000000d6d80000,0x00000000d6d80000,0x00000000f1c80000)
  from space 38400K, 74% used [0x00000000f4480000,0x00000000f6044f98,0x00000000f6a00000)
  to   space 40960K, 0% used [0x00000000f1c80000,0x00000000f1c80000,0x00000000f4480000)
 ParOldGen       total 178176K, used 85907K [0x0000000084800000, 0x000000008f600000, 0x00000000d6d80000)
  object space 178176K, 48% used [0x0000000084800000,0x0000000089be4c18,0x000000008f600000)
 Metaspace       used 32904K, capacity 34094K, committed 34304K, reserved 1079296K
  class space    used 3758K, capacity 4084K, committed 4096K, reserved 1048576K
}
Event: 35,310 GC heap before
{Heap before GC invocations=15 (full 2):
 PSYoungGen      total 479744K, used 469779K [0x00000000d6d80000, 0x00000000f7f00000, 0x0000000100000000)
  eden space 441344K, 100% used [0x00000000d6d80000,0x00000000f1c80000,0x00000000f1c80000)
  from space 38400K, 74% used [0x00000000f4480000,0x00000000f6044f98,0x00000000f6a00000)
  to   space 40960K, 0% used [0x00000000f1c80000,0x00000000f1c80000,0x00000000f4480000)
 ParOldGen       total 178176K, used 85907K [0x0000000084800000, 0x000000008f600000, 0x00000000d6d80000)
  object space 178176K, 48% used [0x0000000084800000,0x0000000089be4c18,0x000000008f600000)
 Metaspace       used 34414K, capacity 35818K, committed 36096K, reserved 1081344K
  class space    used 3886K, capacity 4297K, committed 4352K, reserved 1048576K
Event: 35,480 GC heap after
Heap after GC invocations=15 (full 2):
 PSYoungGen      total 482304K, used 40932K [0x00000000d6d80000, 0x00000000fc880000, 0x0000000100000000)
  eden space 441344K, 0% used [0x00000000d6d80000,0x00000000d6d80000,0x00000000f1c80000)
  from space 40960K, 99% used [0x00000000f1c80000,0x00000000f44790d0,0x00000000f4480000)
  to   space 48640K, 0% used [0x00000000f9900000,0x00000000f9900000,0x00000000fc880000)
 ParOldGen       total 178176K, used 89541K [0x0000000084800000, 0x000000008f600000, 0x00000000d6d80000)
  object space 178176K, 50% used [0x0000000084800000,0x0000000089f714f0,0x000000008f600000)
 Metaspace       used 34414K, capacity 35818K, committed 36096K, reserved 1081344K
  class space    used 3886K, capacity 4297K, committed 4352K, reserved 1048576K
}
Event: 37,362 GC heap before
{Heap before GC invocations=16 (full 2):
 PSYoungGen      total 482304K, used 482276K [0x00000000d6d80000, 0x00000000fc880000, 0x0000000100000000)
  eden space 441344K, 100% used [0x00000000d6d80000,0x00000000f1c80000,0x00000000f1c80000)
  from space 40960K, 99% used [0x00000000f1c80000,0x00000000f44790d0,0x00000000f4480000)
  to   space 48640K, 0% used [0x00000000f9900000,0x00000000f9900000,0x00000000fc880000)
 ParOldGen       total 178176K, used 89541K [0x0000000084800000, 0x000000008f600000, 0x00000000d6d80000)
  object space 178176K, 50% used [0x0000000084800000,0x0000000089f714f0,0x000000008f600000)
 Metaspace       used 34802K, capacity 36162K, committed 36352K, reserved 1081344K
  class space    used 3912K, capacity 4301K, committed 4352K, reserved 1048576K
Event: 37,662 GC heap after
Heap after GC invocations=16 (full 2):
 PSYoungGen      total 561152K, used 48084K [0x00000000d6d80000, 0x00000000ff100000, 0x0000000100000000)
  eden space 512512K, 0% used [0x00000000d6d80000,0x00000000d6d80000,0x00000000f6200000)
  from space 48640K, 98% used [0x00000000f9900000,0x00000000fc7f5098,0x00000000fc880000)
  to   space 56320K, 0% used [0x00000000f6200000,0x00000000f6200000,0x00000000f9900000)
 ParOldGen       total 178176K, used 126318K [0x0000000084800000, 0x000000008f600000, 0x00000000d6d80000)
  object space 178176K, 70% used [0x0000000084800000,0x000000008c35bb18,0x000000008f600000)
 Metaspace       used 34802K, capacity 36162K, committed 36352K, reserved 1081344K
  class space    used 3912K, capacity 4301K, committed 4352K, reserved 1048576K
}
Event: 42,265 GC heap before
{Heap before GC invocations=17 (full 2):
 PSYoungGen      total 561152K, used 560596K [0x00000000d6d80000, 0x00000000ff100000, 0x0000000100000000)
  eden space 512512K, 100% used [0x00000000d6d80000,0x00000000f6200000,0x00000000f6200000)
  from space 48640K, 98% used [0x00000000f9900000,0x00000000fc7f5098,0x00000000fc880000)
  to   space 56320K, 0% used [0x00000000f6200000,0x00000000f6200000,0x00000000f9900000)
 ParOldGen       total 178176K, used 126601K [0x0000000084800000, 0x000000008f600000, 0x00000000d6d80000)
  object space 178176K, 71% used [0x0000000084800000,0x000000008c3a2760,0x000000008f600000)
 Metaspace       used 38284K, capacity 39832K, committed 40192K, reserved 1085440K
  class space    used 4319K, capacity 4751K, committed 4864K, reserved 1048576K
Event: 42,478 GC heap after
Heap after GC invocations=17 (full 2):
 PSYoungGen      total 568832K, used 56300K [0x00000000d6d80000, 0x0000000100000000, 0x0000000100000000)
  eden space 512512K, 0% used [0x00000000d6d80000,0x00000000d6d80000,0x00000000f6200000)
  from space 56320K, 99% used [0x00000000f6200000,0x00000000f98fb2c8,0x00000000f9900000)
  to   space 68608K, 0% used [0x00000000fbd00000,0x00000000fbd00000,0x0000000100000000)
 ParOldGen       total 178176K, used 135974K [0x0000000084800000, 0x000000008f600000, 0x00000000d6d80000)
  object space 178176K, 76% used [0x0000000084800000,0x000000008ccc98e8,0x000000008f600000)
 Metaspace       used 38284K, capacity 39832K, committed 40192K, reserved 1085440K
  class space    used 4319K, capacity 4751K, committed 4864K, reserved 1048576K
}
Event: 48,376 GC heap before
{Heap before GC invocations=18 (full 2):
 PSYoungGen      total 568832K, used 568812K [0x00000000d6d80000, 0x0000000100000000, 0x0000000100000000)
  eden space 512512K, 100% used [0x00000000d6d80000,0x00000000f6200000,0x00000000f6200000)
  from space 56320K, 99% used [0x00000000f6200000,0x00000000f98fb2c8,0x00000000f9900000)
  to   space 68608K, 0% used [0x00000000fbd00000,0x00000000fbd00000,0x0000000100000000)
 ParOldGen       total 178176K, used 135975K [0x0000000084800000, 0x000000008f600000, 0x00000000d6d80000)
  object space 178176K, 76% used [0x0000000084800000,0x000000008ccc9e78,0x000000008f600000)
 Metaspace       used 40741K, capacity 42596K, committed 42752K, reserved 1087488K
  class space    used 4591K, capacity 5069K, committed 5120K, reserved 1048576K
Event: 49,176 GC heap after
Heap after GC invocations=18 (full 2):
 PSYoungGen      total 609280K, used 24689K [0x00000000d6d80000, 0x0000000100000000, 0x0000000100000000)
  eden space 540672K, 0% used [0x00000000d6d80000,0x00000000d6d80000,0x00000000f7d80000)
  from space 68608K, 35% used [0x00000000fbd00000,0x00000000fd51c5b0,0x0000000100000000)
  to   space 65024K, 0% used [0x00000000f7d80000,0x00000000f7d80000,0x00000000fbd00000)
 ParOldGen       total 178176K, used 178009K [0x0000000084800000, 0x000000008f600000, 0x00000000d6d80000)
  object space 178176K, 99% used [0x0000000084800000,0x000000008f5d66f0,0x000000008f600000)
 Metaspace       used 40741K, capacity 42596K, committed 42752K, reserved 1087488K
  class space    used 4591K, capacity 5069K, committed 5120K, reserved 1048576K
}
Event: 49,280 GC heap before
{Heap before GC invocations=19 (full 3):
 PSYoungGen      total 609280K, used 24689K [0x00000000d6d80000, 0x0000000100000000, 0x0000000100000000)
  eden space 540672K, 0% used [0x00000000d6d80000,0x00000000d6d80000,0x00000000f7d80000)
  from space 68608K, 35% used [0x00000000fbd00000,0x00000000fd51c5b0,0x0000000100000000)
  to   space 65024K, 0% used [0x00000000f7d80000,0x00000000f7d80000,0x00000000fbd00000)
 ParOldGen       total 178176K, used 178009K [0x0000000084800000, 0x000000008f600000, 0x00000000d6d80000)
  object space 178176K, 99% used [0x0000000084800000,0x000000008f5d66f0,0x000000008f600000)
 Metaspace       used 40741K, capacity 42596K, committed 42752K, reserved 1087488K
  class space    used 4591K, capacity 5069K, committed 5120K, reserved 1048576K

